d:\separator\separatorcore\release\vc120.pdb
d:\separator\separatorcore\release\dllmain.obj
d:\separator\separatorcore\release\separatorcore.obj
c:\separator\separatorcore\release\vc120.pdb
c:\separator\separatorcore\release\dllmain.obj
c:\separator\separatorcore\release\separatortask.obj
c:\separator\separatorcore\release\separatorcore.obj
s:\separator\separatorcore\release\vc120.pdb
s:\separator\separatorcore\release\dllmain.obj
s:\separator\separatorcore\release\separatorcore.obj
s:\separator\separatorcore\release\multicoretask.obj
s:\separator\separatorcore\release\mutex.obj
s:\separator\separatorcore\release\separatortask.obj
c:\separator\separatorcore\release\mutex.obj
c:\separator\separatorcore\release\multicoretask.obj
d:\separator\release\separatorcore.dll
d:\separator\release\separatorcore.pdb
c:\separator\release\separatorcore.dll
c:\separator\release\separatorcore.pdb
c:\separator\release\separatorcore.lib
c:\separator\release\separatorcore.exp
c:\separator\separatorcore\release\separatorcore.tlog\cl.command.1.tlog
c:\separator\separatorcore\release\separatorcore.tlog\cl.read.1.tlog
c:\separator\separatorcore\release\separatorcore.tlog\cl.write.1.tlog
c:\separator\separatorcore\release\separatorcore.tlog\link.command.1.tlog
c:\separator\separatorcore\release\separatorcore.tlog\link.read.1.tlog
c:\separator\separatorcore\release\separatorcore.tlog\link.write.1.tlog
c:\separator\separatorcore\release\separatorcore.tlog\separatorcore.write.1u.tlog
